[ERROR][response.go:22]2021/05/18 15:54:39 [ERROR: duplicate key value violates unique constraint "tb_teamplayer_pkey" (SQLSTATE 23505)]
[ERROR][response.go:22]2021/05/18 15:59:33 [ERROR: duplicate key value violates unique constraint "tb_teamplayer_pkey" (SQLSTATE 23505)]
[ERROR][response.go:22]2021/05/18 16:02:06 [ERROR: duplicate key value violates unique constraint "tb_teamplayer_pkey" (SQLSTATE 23505)]
[ERROR][response.go:22]2021/05/18 16:03:19 [ERROR: duplicate key value violates unique constraint "tb_teamplayer_pkey" (SQLSTATE 23505)]
[ERROR][response.go:22]2021/05/18 16:14:16 [ERROR: duplicate key value violates unique constraint "tb_teamplayer_pkey" (SQLSTATE 23505)]
[ERROR][response.go:22]2021/05/18 16:17:38 [ERROR: duplicate key value violates unique constraint "tb_teamplayer_pkey" (SQLSTATE 23505)]
[ERROR][response.go:22]2021/05/18 16:19:38 [ERROR: duplicate key value violates unique constraint "tb_teamplayer_pkey" (SQLSTATE 23505)]
[ERROR][response.go:22]2021/05/18 16:20:10 [ERROR: duplicate key value violates unique constraint "tb_teamplayer_pkey" (SQLSTATE 23505)]
[ERROR][response.go:22]2021/05/18 16:20:42 [ERROR: duplicate key value violates unique constraint "tb_teamplayer_pkey" (SQLSTATE 23505)]
[ERROR][response.go:22]2021/05/18 17:09:49 [ERROR: column "is_del" does not exist (SQLSTATE 42703)]
[ERROR][response.go:22]2021/05/18 17:09:51 [ERROR: column "is_del" does not exist (SQLSTATE 42703)]
[ERROR][response.go:22]2021/05/18 17:10:48 [ERROR: column "is_del" does not exist (SQLSTATE 42703)]
[ERROR][response.go:22]2021/05/18 17:11:05 [ERROR: column "is_del" does not exist (SQLSTATE 42703)]
[ERROR][response.go:22]2021/05/18 17:12:15 [ERROR: column "is_del" does not exist (SQLSTATE 42703)]
[ERROR][response.go:22]2021/05/18 17:12:21 [ERROR: column "is_del" does not exist (SQLSTATE 42703)]
[ERROR][response.go:22]2021/05/18 17:12:22 [ERROR: column "is_del" does not exist (SQLSTATE 42703)]
[ERROR][response.go:22]2021/05/18 17:12:22 [ERROR: column "is_del" does not exist (SQLSTATE 42703)]
[ERROR][response.go:22]2021/05/18 17:12:22 [ERROR: column "is_del" does not exist (SQLSTATE 42703)]
[ERROR][response.go:22]2021/05/18 17:12:23 [ERROR: column "is_del" does not exist (SQLSTATE 42703)]
[ERROR][response.go:22]2021/05/18 17:12:23 [ERROR: column "is_del" does not exist (SQLSTATE 42703)]
[ERROR][response.go:22]2021/05/18 17:12:23 [ERROR: column "is_del" does not exist (SQLSTATE 42703)]
[ERROR][response.go:22]2021/05/18 17:12:24 [ERROR: column "is_del" does not exist (SQLSTATE 42703)]
[ERROR][response.go:22]2021/05/18 17:12:24 [ERROR: column "is_del" does not exist (SQLSTATE 42703)]
[ERROR][response.go:22]2021/05/18 17:12:25 [ERROR: column "is_del" does not exist (SQLSTATE 42703)]
[ERROR][response.go:22]2021/05/18 17:12:25 [ERROR: column "is_del" does not exist (SQLSTATE 42703)]
[ERROR][response.go:22]2021/05/18 17:12:25 [ERROR: column "is_del" does not exist (SQLSTATE 42703)]
[ERROR][response.go:22]2021/05/18 17:14:00 [ERROR: relation "playerList" does not exist (SQLSTATE 42P01)]
[ERROR][response.go:22]2021/05/18 17:14:31 [ERROR: relation "playerList" does not exist (SQLSTATE 42P01)]
[ERROR][response.go:22]2021/05/18 17:14:33 [ERROR: relation "playerList" does not exist (SQLSTATE 42P01)]
[ERROR][response.go:22]2021/05/18 17:14:36 [ERROR: relation "playerList" does not exist (SQLSTATE 42P01)]
[ERROR][response.go:22]2021/05/18 17:14:37 [ERROR: relation "playerList" does not exist (SQLSTATE 42P01)]
[ERROR][response.go:22]2021/05/18 17:14:38 [ERROR: relation "playerList" does not exist (SQLSTATE 42P01)]
[ERROR][response.go:22]2021/05/18 17:14:38 [ERROR: relation "playerList" does not exist (SQLSTATE 42P01)]
[ERROR][response.go:22]2021/05/18 17:15:09 [ERROR: relation "playerList" does not exist (SQLSTATE 42P01)]
[ERROR][response.go:22]2021/05/18 17:19:41 [ERROR: relation "playerList" does not exist (SQLSTATE 42P01)]
[ERROR][response.go:22]2021/05/18 17:24:38 [WHERE conditions required]
[ERROR][response.go:22]2021/05/18 17:24:47 [WHERE conditions required]
[ERROR][response.go:22]2021/05/18 19:55:51 [ERROR: invalid input syntax for integer: "undefined" (SQLSTATE 22P02)]
[ERROR][response.go:22]2021/05/18 19:56:05 [ERROR: invalid input syntax for integer: "undefined" (SQLSTATE 22P02)]
[ERROR][response.go:22]2021/05/18 19:56:08 [ERROR: invalid input syntax for integer: "undefined" (SQLSTATE 22P02)]
[ERROR][response.go:22]2021/05/18 19:56:50 [ERROR: invalid input syntax for integer: "undefined" (SQLSTATE 22P02)]
[ERROR][response.go:22]2021/05/18 19:56:58 [ERROR: invalid input syntax for integer: "undefined" (SQLSTATE 22P02)]
