[ERROR][response.go:22]2021/05/07 09:47:40 [ERROR: null value in column "traintest_id" violates not-null constraint (SQLSTATE 23502)]
[ERROR][response.go:22]2021/05/07 10:21:27 [ERROR: null value in column "traintest_id" violates not-null constraint (SQLSTATE 23502)]
[ERROR][response.go:22]2021/05/07 10:23:34 [ERROR: null value in column "traintest_id" violates not-null constraint (SQLSTATE 23502)]
[ERROR][response.go:22]2021/05/07 10:25:01 [ERROR: null value in column "traintest_id" violates not-null constraint (SQLSTATE 23502)]
[ERROR][response.go:22]2021/05/07 10:50:57 [ERROR: null value in column "traintest_id" violates not-null constraint (SQLSTATE 23502)]
[ERROR][response.go:22]2021/05/07 10:58:43 [ERROR: null value in column "traintest_id" violates not-null constraint (SQLSTATE 23502)]
[ERROR][response.go:22]2021/05/07 12:05:29 [ERROR: null value in column "traintest_id" violates not-null constraint (SQLSTATE 23502)]
[ERROR][response.go:22]2021/05/07 12:12:11 [ERROR: null value in column "traintest_id" violates not-null constraint (SQLSTATE 23502)]
[ERROR][response.go:22]2021/05/07 13:17:41 [ERROR: relation "tb_traintestinfo" does not exist (SQLSTATE 42P01)]
[ERROR][response.go:22]2021/05/07 13:27:59 [ERROR: column "30meter_sprint" of relation "tb_traintestinfo" does not exist (SQLSTATE 42703)]
[ERROR][response.go:22]2021/05/07 13:33:15 [ERROR: invalid input syntax for integer: "" (SQLSTATE 22P02)]
[ERROR][response.go:22]2021/05/07 13:40:48 [ERROR: column "30meter_sprint" of relation "tb_traintestinfo" does not exist (SQLSTATE 42703)]
[ERROR][response.go:22]2021/05/07 13:42:09 [ERROR: column "30meter_sprint" of relation "tb_traintestinfo" does not exist (SQLSTATE 42703)]
[ERROR][response.go:22]2021/05/07 14:21:01 [ERROR: null value in column "traintest_id" violates not-null constraint (SQLSTATE 23502)]
[ERROR][response.go:22]2021/05/07 14:21:09 [ERROR: null value in column "traintest_id" violates not-null constraint (SQLSTATE 23502)]
[ERROR][response.go:22]2021/05/07 14:34:24 [ERROR: null value in column "traintest_id" violates not-null constraint (SQLSTATE 23502)]
[ERROR][response.go:22]2021/05/07 14:41:14 [ERROR: null value in column "traintest_id" violates not-null constraint (SQLSTATE 23502)]
[ERROR][response.go:22]2021/05/07 14:47:01 [ERROR: relation "tb_traintestinfo" does not exist (SQLSTATE 42P01)]
[ERROR][response.go:22]2021/05/07 14:51:14 [cannot convert 2 to Text]
[ERROR][response.go:22]2021/05/07 16:12:01 [ERROR: function sum(character varying) does not exist (SQLSTATE 42883)]
[ERROR][response.go:22]2021/05/07 16:13:10 [ERROR: column tb_playermatch.match_sum does not exist (SQLSTATE 42703)]
[ERROR][response.go:22]2021/05/07 17:32:50 [ERROR: null value in column "biochemistry_id" violates not-null constraint (SQLSTATE 23502)]
[ERROR][response.go:22]2021/05/07 19:58:51 [sql: Scan error on column index 7, name "unix_start_time": unsupported Scan, storing driver.Value type string into type *time.Time]
[ERROR][response.go:22]2021/05/07 20:44:25 [sql: Scan error on column index 7, name "unix_start_time": unsupported Scan, storing driver.Value type string into type *time.Time]
[ERROR][response.go:22]2021/05/07 20:53:42 [ERROR: cached plan must not change result type (SQLSTATE 0A000)]
