[ERROR][response.go:22]2021/06/04 11:15:08 [ERROR: relation "matchList" does not exist (SQLSTATE 42P01)]
[ERROR][response.go:22]2021/06/04 11:15:12 [ERROR: relation "injuryList" does not exist (SQLSTATE 42P01)]
[ERROR][response.go:22]2021/06/04 11:15:13 [ERROR: relation "matchList" does not exist (SQLSTATE 42P01)]
[ERROR][response.go:22]2021/06/04 11:15:31 [ERROR: relation "injuryList" does not exist (SQLSTATE 42P01)]
[ERROR][response.go:22]2021/06/04 11:44:18 [ERROR: column "is_del" does not exist (SQLSTATE 42703)]
[ERROR][response.go:22]2021/06/04 11:44:27 [ERROR: column "is_del" does not exist (SQLSTATE 42703)]
[ERROR][response.go:22]2021/06/04 13:44:44 [ERROR: column "tb_playermatch.match_id" must appear in the GROUP BY clause or be used in an aggregate function (SQLSTATE 42803)]
[ERROR][response.go:22]2021/06/04 13:46:46 [ERROR: column "tb_playermatch.match_id" must appear in the GROUP BY clause or be used in an aggregate function (SQLSTATE 42803)]
[ERROR][response.go:22]2021/06/04 13:50:28 [ERROR: column "tb_playermatch.match_id" must appear in the GROUP BY clause or be used in an aggregate function (SQLSTATE 42803)]
[ERROR][response.go:22]2021/06/04 13:51:46 [ERROR: column "tb_playermatch.match_id" must appear in the GROUP BY clause or be used in an aggregate function (SQLSTATE 42803)]
[ERROR][response.go:22]2021/06/04 15:19:40 [ERROR: missing FROM-clause entry for table "focus_teamid" (SQLSTATE 42P01)]
[ERROR][response.go:22]2021/06/04 16:08:01 [record not found]
[ERROR][response.go:22]2021/06/04 16:08:17 [ERROR: column "is_del" does not exist (SQLSTATE 42703)]
[ERROR][response.go:22]2021/06/04 16:08:24 [ERROR: column "is_del" does not exist (SQLSTATE 42703)]
[ERROR][response.go:22]2021/06/04 16:12:24 [ERROR: syntax error at or near "$1" (SQLSTATE 42601)]
[ERROR][response.go:22]2021/06/04 16:51:30 [ERROR: syntax error at or near "$1" (SQLSTATE 42601)]
[ERROR][response.go:22]2021/06/04 16:56:38 [cannot convert {[1 2 3]} to Int4]
[ERROR][response.go:22]2021/06/04 16:57:41 [cannot convert {[1 2 3]} to Int4]
[ERROR][response.go:22]2021/06/04 16:57:41 [cannot convert {[1 2 3]} to Int4]
[ERROR][response.go:22]2021/06/04 19:28:16 [ERROR: column "is_del" does not exist (SQLSTATE 42703)]
[ERROR][response.go:22]2021/06/04 19:28:21 [ERROR: column "is_del" does not exist (SQLSTATE 42703)]
[ERROR][response.go:22]2021/06/04 19:28:25 [ERROR: column "is_del" does not exist (SQLSTATE 42703)]
[ERROR][response.go:22]2021/06/04 19:28:31 [ERROR: column "is_del" does not exist (SQLSTATE 42703)]
[ERROR][response.go:22]2021/06/04 19:28:41 [ERROR: column "is_del" does not exist (SQLSTATE 42703)]
